<?xml version="1.0" encoding="UTF-8"?>
<!-- Generated by org.testng.reporters.JUnitReportReporter -->
<testsuite skipped="0" hostname="LAPTOP-S6CGSCTO" name="TestWithMaven.MakeMyTrip.MainPageFlightsTest" tests="1" failures="0" timestamp="2020-08-29T18:22:02 IST" time="73.702" errors="0">
  <testcase name="oneWayTrip" time="73.702" classname="TestWithMaven.MakeMyTrip.MainPageFlightsTest"/>
  <system-out/>
</testsuite> <!-- TestWithMaven.MakeMyTrip.MainPageFlightsTest -->
