<?xml version="1.0" encoding="UTF-8"?>
<!-- Generated by org.testng.reporters.JUnitReportReporter -->
<testsuite skipped="0" hostname="LAPTOP-S6CGSCTO" name="negativeTesting.FlightNegaTest" tests="1" failures="0" timestamp="2020-09-02T00:11:56 IST" time="75.300" errors="0">
  <testcase name="checkForSameFromAndToCity" time="75.300" classname="negativeTesting.FlightNegaTest"/>
  <system-out/>
</testsuite> <!-- negativeTesting.FlightNegaTest -->
