<?xml version="1.0" encoding="UTF-8"?>
<!-- Generated by org.testng.reporters.JUnitReportReporter -->
<testsuite skipped="0" hostname="LAPTOP-S6CGSCTO" name="testWithMavenMakeMyTrip.MainPageFlightsTest" tests="3" failures="0" timestamp="2020-09-11T14:33:58 IST" time="111.685" errors="0">
  <testcase name="oneWayTrip" time="33.791" classname="testWithMavenMakeMyTrip.MainPageFlightsTest"/>
  <system-out/>
  <testcase name="oneWayTrip" time="46.849" classname="testWithMavenMakeMyTrip.MainPageFlightsTest"/>
  <system-out/>
  <testcase name="oneWayTrip" time="31.045" classname="testWithMavenMakeMyTrip.MainPageFlightsTest"/>
  <system-out/>
</testsuite> <!-- testWithMavenMakeMyTrip.MainPageFlightsTest -->
