<?xml version="1.0" encoding="UTF-8"?>
<!-- Generated by org.testng.reporters.JUnitReportReporter -->
<testsuite skipped="0" hostname="LAPTOP-S6CGSCTO" name="testWithMavenMakeMyTrip.MainPageFlightsTest" tests="1" failures="0" timestamp="2020-09-01T00:30:55 IST" time="104.823" errors="0">
  <testcase name="oneWayTrip" time="104.823" classname="testWithMavenMakeMyTrip.MainPageFlightsTest"/>
  <system-out/>
</testsuite> <!-- testWithMavenMakeMyTrip.MainPageFlightsTest -->
